<?xml version="1.0" encoding="utf-8"?><testsuites name="pytest tests"><testsuite name="pytest" errors="0" failures="0" skipped="0" tests="83" time="2.088" timestamp="2026-08-24T15:21:13.463403+00:00" hostname="0f79b9de7f97"><testcase classname="tests.test_cli" name="test_cli_validate_json_pass" time="0.073" /><testcase classname="tests.test_cli" name="test_cli_validate_failure_exit" time="0.057" /><testcase classname="tests.test_cli" name="test_cli_hash_contract" time="0.003" /><testcase classname="tests.test_cli" name="test_cli_lint_json_failure" time="0.002" /><testcase classname="tests.test_cli" name="test_cli_lint_clean_pass" time="0.001" /><testcase classname="tests.test_cli" name="test_cli_lint_approved_suppression_pass" time="0.004" /><testcase classname="tests.test_cli" name="test_cli_evaluate_frozen_corpus_pass" time="0.009" /><testcase classname="tests.test_linter" name="test_frozen_v004_corpus_meets_all_preregistered_targets" time="0.006" /><testcase classname="tests.test_linter" name="test_diagnostics_have_exact_source_spans" time="0.000" /><testcase classname="tests.test_linter" name="test_constraint_contradiction_has_related_line" time="0.000" /><testcase classname="tests.test_linter" name="test_approved_local_suppression_is_honored" time="0.000" /><testcase classname="tests.test_linter" name="test_unapproved_suppression_cannot_hide_finding" time="0.000" /><testcase classname="tests.test_linter" name="test_invalid_blanket_suppression_is_rejected" time="0.000" /><testcase classname="tests.test_linter" name="test_frozen_corpus_hash_drift_fails" time="0.001" /><testcase classname="tests.test_linter" name="test_frozen_plan_hash_drift_fails" time="0.001" /><testcase classname="tests.test_traceability" name="test_valid_graph_parses" time="0.001" /><testcase classname="tests.test_traceability" name="test_duplicate_node_and_edge_detection[TC-005-DUPNODE-01]" time="0.001" /><testcase classname="tests.test_traceability" name="test_duplicate_node_and_edge_detection[TC-005-DUPNODE-02]" time="0.001" /><testcase classname="tests.test_traceability" name="test_duplicate_node_and_edge_detection[TC-005-DUPEDGE-01]" time="0.001" /><testcase classname="tests.test_traceability" name="test_duplicate_node_and_edge_detection[TC-005-DUPEDGE-02]" time="0.001" /><testcase classname="tests.test_traceability" name="test_broken_edge_reference_detection[TC-005-BROKEN-01]" time="0.001" /><testcase classname="tests.test_traceability" name="test_broken_edge_reference_detection[TC-005-BROKEN-02]" time="0.001" /><testcase classname="tests.test_traceability" name="test_invalid_relation_transition_detection[TC-005-TRANSITION-01]" time="0.001" /><testcase classname="tests.test_traceability" name="test_invalid_relation_transition_detection[TC-005-TRANSITION-02]" time="0.001" /><testcase classname="tests.test_traceability" name="test_cycle_detection[TC-005-CYCLE-01]" time="0.001" /><testcase classname="tests.test_traceability" name="test_cycle_detection[TC-005-CYCLE-02]" time="0.001" /><testcase classname="tests.test_traceability" name="test_critical_traceability_coverage" time="0.006" /><testcase classname="tests.test_traceability" name="test_orphan_critical_requirement_detection[TC-005-UPSTREAM-01]" time="0.001" /><testcase classname="tests.test_traceability" name="test_orphan_critical_requirement_detection[TC-005-UPSTREAM-02]" time="0.001" /><testcase classname="tests.test_traceability" name="test_orphan_critical_requirement_detection[TC-005-MISSFEAT-01]" time="0.001" /><testcase classname="tests.test_traceability" name="test_orphan_critical_requirement_detection[TC-005-MISSFEAT-02]" time="0.001" /><testcase classname="tests.test_traceability" name="test_orphan_critical_requirement_detection[TC-005-MISSTASK-01]" time="0.001" /><testcase classname="tests.test_traceability" name="test_orphan_critical_requirement_detection[TC-005-MISSTASK-02]" time="0.001" /><testcase classname="tests.test_traceability" name="test_orphan_critical_requirement_detection[TC-005-MISSTEST-01]" time="0.001" /><testcase classname="tests.test_traceability" name="test_orphan_critical_requirement_detection[TC-005-MISSTEST-02]" time="0.001" /><testcase classname="tests.test_traceability" name="test_orphan_critical_requirement_detection[TC-005-MISSGATE-01]" time="0.001" /><testcase classname="tests.test_traceability" name="test_orphan_critical_requirement_detection[TC-005-MISSGATE-02]" time="0.001" /><testcase classname="tests.test_traceability" name="test_impact_analysis[TC-005-IMPACT-01]" time="0.001" /><testcase classname="tests.test_traceability" name="test_impact_analysis[TC-005-IMPACT-02]" time="0.001" /><testcase classname="tests.test_traceability" name="test_impact_analysis[TC-005-IMPACT-03]" time="0.001" /><testcase classname="tests.test_traceability" name="test_impact_analysis[TC-005-IMPACT-04]" time="0.001" /><testcase classname="tests.test_traceability" name="test_impact_analysis[TC-005-IMPACT-05]" time="0.001" /><testcase classname="tests.test_traceability" name="test_impact_unknown_seed_is_error" time="0.001" /><testcase classname="tests.test_traceability" name="test_traceability_schema_rejects_malformed_graph" time="0.001" /><testcase classname="tests.test_traceability" name="test_frozen_v005_corpus_evaluation_is_perfect" time="0.018" /><testcase classname="tests.test_traceability" name="test_impact_order_follows_traceability_chain_regression" time="0.001" /><testcase classname="tests.test_traceability_cli" name="test_traceability_cli" time="0.004" /><testcase classname="tests.test_traceability_cli" name="test_traceability_impact_cli" time="0.003" /><testcase classname="tests.test_traceability_cli" name="test_traceability_corpus_cli" time="0.022" /><testcase classname="tests.test_validator" name="test_valid_workspace_passes" time="0.054" /><testcase classname="tests.test_validator" name="test_frozen_contract_hash_is_valid" time="0.002" /><testcase classname="tests.test_validator" name="test_frozen_contract_mutation_detected" time="0.058" /><testcase classname="tests.test_validator" name="test_malformed_json_detected" time="0.053" /><testcase classname="tests.test_validator" name="test_malformed_jsonl_detected" time="0.053" /><testcase classname="tests.test_validator" name="test_missing_mandatory_field_detected" time="0.059" /><testcase classname="tests.test_validator" name="test_invalid_controlled_value_detected" time="0.054" /><testcase classname="tests.test_validator" name="test_invalid_stable_id_detected" time="0.059" /><testcase classname="tests.test_validator" name="test_duplicate_ids_detected" time="0.057" /><testcase classname="tests.test_validator" name="test_broken_event_reference_detected" time="0.060" /><testcase classname="tests.test_validator" name="test_invalid_supersession_detected" time="0.056" /><testcase classname="tests.test_validator" name="test_valid_supersession_passes" time="0.057" /><testcase classname="tests.test_validator" name="test_missing_denominator_detected" time="0.055" /><testcase classname="tests.test_validator" name="test_missing_snapshot_detected" time="0.057" /><testcase classname="tests.test_validator" name="test_metric_cutoff_mismatch_detected" time="0.057" /><testcase classname="tests.test_validator" name="test_metric_scope_mismatch_detected" time="0.056" /><testcase classname="tests.test_validator" name="test_metric_denominator_mismatch_detected" time="0.068" /><testcase classname="tests.test_validator" name="test_metric_calculation_mismatch_detected" time="0.055" /><testcase classname="tests.test_validator" name="test_source_event_reference_detected" time="0.055" /><testcase classname="tests.test_validator" name="test_regression_retirement_requires_governance" time="0.056" /><testcase classname="tests.test_validator" name="test_candidate_self_certification_detected" time="0.065" /><testcase classname="tests.test_validator" name="test_missing_gate_outcome_detected" time="0.058" /><testcase classname="tests.test_validator" name="test_manifest_hash_mismatch_detected" time="0.056" /><testcase classname="tests.test_validator" name="test_manifest_contract_hash_mismatch_detected" time="0.061" /><testcase classname="tests.test_validator" name="test_all_schema_documents_are_valid" time="0.053" /><testcase classname="tests.test_validator" name="test_shared_reference_ids_are_not_false_duplicates" time="0.057" /><testcase classname="tests.test_validator" name="test_critical_regression_cannot_disappear" time="0.060" /><testcase classname="tests.test_validator" name="test_historical_append_only_manifest_prefix_survives_successor_append" time="0.059" /><testcase classname="tests.test_validator" name="test_historical_append_only_manifest_detects_prefix_mutation" time="0.060" /><testcase classname="tests.test_validator" name="test_historical_manifest_keeps_immutable_files_exact" time="0.058" /><testcase classname="tests.test_validator" name="test_historical_mutable_source_uses_release_snapshot" time="0.060" /><testcase classname="tests.test_validator" name="test_historical_release_snapshot_mutation_detected" time="0.066" /><testcase classname="tests.test_validator" name="test_append_jsonl_helper_preserves_existing_prefix" time="0.006" /><testcase classname="tests.test_validator" name="test_append_jsonl_helper_rejects_duplicate_primary_id" time="0.001" /></testsuite></testsuites>