<?xml version="1.0" encoding="utf-8"?><testsuites name="pytest tests"><testsuite name="pytest" errors="0" failures="0" skipped="0" tests="49" time="2.075" timestamp="2026-08-24T15:00:20.238430+00:00" hostname="0f79b9de7f97"><testcase classname="tests.test_cli" name="test_cli_validate_json_pass" time="0.080" /><testcase classname="tests.test_cli" name="test_cli_validate_failure_exit" time="0.062" /><testcase classname="tests.test_cli" name="test_cli_hash_contract" time="0.004" /><testcase classname="tests.test_cli" name="test_cli_lint_json_failure" time="0.003" /><testcase classname="tests.test_cli" name="test_cli_lint_clean_pass" time="0.002" /><testcase classname="tests.test_cli" name="test_cli_lint_approved_suppression_pass" time="0.002" /><testcase classname="tests.test_cli" name="test_cli_evaluate_frozen_corpus_pass" time="0.010" /><testcase classname="tests.test_linter" name="test_frozen_v004_corpus_meets_all_preregistered_targets" time="0.008" /><testcase classname="tests.test_linter" name="test_diagnostics_have_exact_source_spans" time="0.000" /><testcase classname="tests.test_linter" name="test_constraint_contradiction_has_related_line" time="0.000" /><testcase classname="tests.test_linter" name="test_approved_local_suppression_is_honored" time="0.000" /><testcase classname="tests.test_linter" name="test_unapproved_suppression_cannot_hide_finding" time="0.000" /><testcase classname="tests.test_linter" name="test_invalid_blanket_suppression_is_rejected" time="0.000" /><testcase classname="tests.test_linter" name="test_frozen_corpus_hash_drift_fails" time="0.002" /><testcase classname="tests.test_linter" name="test_frozen_plan_hash_drift_fails" time="0.001" /><testcase classname="tests.test_validator" name="test_valid_workspace_passes" time="0.119" /><testcase classname="tests.test_validator" name="test_frozen_contract_hash_is_valid" time="0.003" /><testcase classname="tests.test_validator" name="test_frozen_contract_mutation_detected" time="0.057" /><testcase classname="tests.test_validator" name="test_malformed_json_detected" time="0.068" /><testcase classname="tests.test_validator" name="test_malformed_jsonl_detected" time="0.058" /><testcase classname="tests.test_validator" name="test_missing_mandatory_field_detected" time="0.051" /><testcase classname="tests.test_validator" name="test_invalid_controlled_value_detected" time="0.052" /><testcase classname="tests.test_validator" name="test_invalid_stable_id_detected" time="0.060" /><testcase classname="tests.test_validator" name="test_duplicate_ids_detected" time="0.058" /><testcase classname="tests.test_validator" name="test_broken_event_reference_detected" time="0.056" /><testcase classname="tests.test_validator" name="test_invalid_supersession_detected" time="0.059" /><testcase classname="tests.test_validator" name="test_valid_supersession_passes" time="0.057" /><testcase classname="tests.test_validator" name="test_missing_denominator_detected" time="0.057" /><testcase classname="tests.test_validator" name="test_missing_snapshot_detected" time="0.055" /><testcase classname="tests.test_validator" name="test_metric_cutoff_mismatch_detected" time="0.053" /><testcase classname="tests.test_validator" name="test_metric_scope_mismatch_detected" time="0.058" /><testcase classname="tests.test_validator" name="test_metric_denominator_mismatch_detected" time="0.054" /><testcase classname="tests.test_validator" name="test_metric_calculation_mismatch_detected" time="0.061" /><testcase classname="tests.test_validator" name="test_source_event_reference_detected" time="0.062" /><testcase classname="tests.test_validator" name="test_regression_retirement_requires_governance" time="0.073" /><testcase classname="tests.test_validator" name="test_candidate_self_certification_detected" time="0.052" /><testcase classname="tests.test_validator" name="test_missing_gate_outcome_detected" time="0.054" /><testcase classname="tests.test_validator" name="test_manifest_hash_mismatch_detected" time="0.053" /><testcase classname="tests.test_validator" name="test_manifest_contract_hash_mismatch_detected" time="0.058" /><testcase classname="tests.test_validator" name="test_all_schema_documents_are_valid" time="0.063" /><testcase classname="tests.test_validator" name="test_shared_reference_ids_are_not_false_duplicates" time="0.060" /><testcase classname="tests.test_validator" name="test_critical_regression_cannot_disappear" time="0.054" /><testcase classname="tests.test_validator" name="test_historical_append_only_manifest_prefix_survives_successor_append" time="0.055" /><testcase classname="tests.test_validator" name="test_historical_append_only_manifest_detects_prefix_mutation" time="0.061" /><testcase classname="tests.test_validator" name="test_historical_manifest_keeps_immutable_files_exact" time="0.053" /><testcase classname="tests.test_validator" name="test_historical_mutable_source_uses_release_snapshot" time="0.058" /><testcase classname="tests.test_validator" name="test_historical_release_snapshot_mutation_detected" time="0.057" /><testcase classname="tests.test_validator" name="test_append_jsonl_helper_preserves_existing_prefix" time="0.001" /><testcase classname="tests.test_validator" name="test_append_jsonl_helper_rejects_duplicate_primary_id" time="0.001" /></testsuite></testsuites>