<?xml version="1.0" encoding="utf-8"?><testsuites name="pytest tests"><testsuite name="pytest" errors="0" failures="0" skipped="0" tests="30" time="1.538" timestamp="2026-08-24T14:28:54.030922+00:00" hostname="0f79b9de7f97"><testcase classname="tests.test_cli" name="test_cli_validate_json_pass" time="0.074" /><testcase classname="tests.test_cli" name="test_cli_validate_failure_exit" time="0.051" /><testcase classname="tests.test_cli" name="test_cli_hash_contract" time="0.003" /><testcase classname="tests.test_validator" name="test_valid_workspace_passes" time="0.049" /><testcase classname="tests.test_validator" name="test_frozen_contract_hash_is_valid" time="0.002" /><testcase classname="tests.test_validator" name="test_frozen_contract_mutation_detected" time="0.053" /><testcase classname="tests.test_validator" name="test_malformed_json_detected" time="0.050" /><testcase classname="tests.test_validator" name="test_malformed_jsonl_detected" time="0.054" /><testcase classname="tests.test_validator" name="test_missing_mandatory_field_detected" time="0.052" /><testcase classname="tests.test_validator" name="test_invalid_controlled_value_detected" time="0.053" /><testcase classname="tests.test_validator" name="test_invalid_stable_id_detected" time="0.054" /><testcase classname="tests.test_validator" name="test_duplicate_ids_detected" time="0.066" /><testcase classname="tests.test_validator" name="test_broken_event_reference_detected" time="0.050" /><testcase classname="tests.test_validator" name="test_invalid_supersession_detected" time="0.049" /><testcase classname="tests.test_validator" name="test_valid_supersession_passes" time="0.050" /><testcase classname="tests.test_validator" name="test_missing_denominator_detected" time="0.052" /><testcase classname="tests.test_validator" name="test_missing_snapshot_detected" time="0.058" /><testcase classname="tests.test_validator" name="test_metric_cutoff_mismatch_detected" time="0.051" /><testcase classname="tests.test_validator" name="test_metric_scope_mismatch_detected" time="0.049" /><testcase classname="tests.test_validator" name="test_metric_denominator_mismatch_detected" time="0.053" /><testcase classname="tests.test_validator" name="test_metric_calculation_mismatch_detected" time="0.050" /><testcase classname="tests.test_validator" name="test_source_event_reference_detected" time="0.051" /><testcase classname="tests.test_validator" name="test_regression_retirement_requires_governance" time="0.050" /><testcase classname="tests.test_validator" name="test_candidate_self_certification_detected" time="0.050" /><testcase classname="tests.test_validator" name="test_missing_gate_outcome_detected" time="0.056" /><testcase classname="tests.test_validator" name="test_manifest_hash_mismatch_detected" time="0.052" /><testcase classname="tests.test_validator" name="test_manifest_contract_hash_mismatch_detected" time="0.054" /><testcase classname="tests.test_validator" name="test_all_schema_documents_are_valid" time="0.052" /><testcase classname="tests.test_validator" name="test_shared_reference_ids_are_not_false_duplicates" time="0.052" /><testcase classname="tests.test_validator" name="test_critical_regression_cannot_disappear" time="0.050" /></testsuite></testsuites>